<?xml version="1.0" encoding="UTF-8"?>
<testsuite xmlns:xsi="http://www.w3.org/2001/XMLSchema-instance" xsi:noNamespaceSchemaLocation="https://maven.apache.org/surefire/maven-surefire-plugin/xsd/surefire-test-report-3.0.xsd" version="3.0" name="net.cabrasky.table2taste.backend.Table2tasteBackendSpringbootApplicationTests" time="28.201" tests="1" errors="0" skipped="0" failures="0">
  <properties>
[...]
</properties>
  <testcase name="contextLoads" classname="net.cabrasky.table2taste.backend.Table2tasteBackendSpringbootApplicationTests" time="0.935">
    <system-out><![CDATA[16:46:46.486 [main] INFO org.springframework.test.context.support.AnnotationConfigContextLoaderUtils -- Could not detect default configuration classes for test class [net.cabrasky.table2taste.backend.Table2tasteBackendSpringbootApplicationTests]: Table2tasteBackendSpringbootApplicationTests does not declare any static, non-private, non-final, nested classes annotated with @Configuration.
16:46:46.836 [main] INFO org.springframework.boot.test.context.SpringBootTestContextBootstrapper -- Found @SpringBootConfiguration net.cabrasky.table2taste.backend.Table2tasteBackendSpringbootApplication for test class net.cabrasky.table2taste.backend.Table2tasteBackendSpringbootApplicationTests
16:46:47.370 [main] INFO org.springframework.boot.devtools.restart.RestartApplicationListener -- Restart disabled due to context in which it is running

  .   ____          _            __ _ _
 /\\ / ___'_ __ _ _(_)_ __  __ _ \ \ \ \
( ( )\___ | '_ | '_| | '_ \/ _` | \ \ \ \
 \\/  ___)| |_)| | | | | || (_| |  ) ) ) )
  '  |____| .__|_| |_|_| |_\__, | / / / /
 =========|_|==============|___/=/_/_/_/
 :: Spring Boot ::                (v3.2.5)

{"timestamp":"2026-07-01T16:46:49.009+0200","@version":"1","message":"Starting Table2tasteBackendSpringbootApplicationTests using Java 21.0.11 with PID 321534 (started by jenkins in /var/lib/jenkins/workspace/edesign.table2taste.cabrasky.net/packages/backend)","logger":"net.cabrasky.table2taste.backend.Table2tasteBackendSpringbootApplicationTests","thread":"main","level":"INFO","level_value":20000}
{"timestamp":"2026-07-01T16:46:49.071+0200","@version":"1","message":"No active profile set, falling back to 1 default profile: \"default\"","logger":"net.cabrasky.table2taste.backend.Table2tasteBackendSpringbootApplicationTests","thread":"main","level":"INFO","level_value":20000}
{"timestamp":"2026-07-01T16:46:54.276+0200","@version":"1","message":"HikariPool-1 - Starting...","logger":"com.zaxxer.hikari.HikariDataSource","thread":"main","level":"INFO","level_value":20000}
{"timestamp":"2026-07-01T16:46:54.809+0200","@version":"1","message":"HikariPool-1 - Added connection org.postgresql.jdbc.PgConnection@2988933b","logger":"com.zaxxer.hikari.pool.HikariPool","thread":"main","level":"INFO","level_value":20000}
{"timestamp":"2026-07-01T16:46:54.816+0200","@version":"1","message":"HikariPool-1 - Start completed.","logger":"com.zaxxer.hikari.HikariDataSource","thread":"main","level":"INFO","level_value":20000}
{"timestamp":"2026-07-01T16:46:55.368+0200","@version":"1","message":"Set default schema name to public","logger":"liquibase.database","thread":"main","level":"INFO","level_value":20000}
{"timestamp":"2026-07-01T16:46:57.417+0200","@version":"1","message":"Creating database history table with name: public.databasechangelog","logger":"liquibase.changelog","thread":"main","level":"INFO","level_value":20000}
{"timestamp":"2026-07-01T16:46:57.508+0200","@version":"1","message":"Reading from public.databasechangelog","logger":"liquibase.changelog","thread":"main","level":"INFO","level_value":20000}
{"timestamp":"2026-07-01T16:46:57.961+0200","@version":"1","message":"Successfully acquired change log lock","logger":"liquibase.lockservice","thread":"main","level":"INFO","level_value":20000}
{"timestamp":"2026-07-01T16:46:57.966+0200","@version":"1","message":"Using deploymentId: 2917217965","logger":"liquibase.command","thread":"main","level":"INFO","level_value":20000}
{"timestamp":"2026-07-01T16:46:57.970+0200","@version":"1","message":"Reading from public.databasechangelog","logger":"liquibase.changelog","thread":"main","level":"INFO","level_value":20000}
Running Changeset: db/changelog/001-initial-schema.xml::001-base-tables::table2taste
{"timestamp":"2026-07-01T16:46:58.366+0200","@version":"1","message":"Table language created","logger":"liquibase.changelog","thread":"main","level":"INFO","level_value":20000}
{"timestamp":"2026-07-01T16:46:58.390+0200","@version":"1","message":"Table translation created","logger":"liquibase.changelog","thread":"main","level":"INFO","level_value":20000}
{"timestamp":"2026-07-01T16:46:58.395+0200","@version":"1","message":"Foreign key constraint added to translation (language_id)","logger":"liquibase.changelog","thread":"main","level":"INFO","level_value":20000}
{"timestamp":"2026-07-01T16:46:58.406+0200","@version":"1","message":"Table app_privilege created","logger":"liquibase.changelog","thread":"main","level":"INFO","level_value":20000}
{"timestamp":"2026-07-01T16:46:58.422+0200","@version":"1","message":"Table app_user created","logger":"liquibase.changelog","thread":"main","level":"INFO","level_value":20000}
{"timestamp":"2026-07-01T16:46:58.436+0200","@version":"1","message":"Table app_group created","logger":"liquibase.changelog","thread":"main","level":"INFO","level_value":20000}
{"timestamp":"2026-07-01T16:46:58.447+0200","@version":"1","message":"Table user_group created","logger":"liquibase.changelog","thread":"main","level":"INFO","level_value":20000}
{"timestamp":"2026-07-01T16:46:58.457+0200","@version":"1","message":"Primary key added to user_group (user_id,group_id)","logger":"liquibase.changelog","thread":"main","level":"INFO","level_value":20000}
{"timestamp":"2026-07-01T16:46:58.463+0200","@version":"1","message":"Foreign key constraint added to user_group (user_id)","logger":"liquibase.changelog","thread":"main","level":"INFO","level_value":20000}
{"timestamp":"2026-07-01T16:46:58.466+0200","@version":"1","message":"Foreign key constraint added to user_group (group_id)","logger":"liquibase.changelog","thread":"main","level":"INFO","level_value":20000}
{"timestamp":"2026-07-01T16:46:58.473+0200","@version":"1","message":"Table group_privilege created","logger":"liquibase.changelog","thread":"main","level":"INFO","level_value":20000}
{"timestamp":"2026-07-01T16:46:58.480+0200","@version":"1","message":"Primary key added to group_privilege (group_id,privilege_id)","logger":"liquibase.changelog","thread":"main","level":"INFO","level_value":20000}
{"timestamp":"2026-07-01T16:46:58.487+0200","@version":"1","message":"Foreign key constraint added to group_privilege (group_id)","logger":"liquibase.changelog","thread":"main","level":"INFO","level_value":20000}
{"timestamp":"2026-07-01T16:46:58.492+0200","@version":"1","message":"Foreign key constraint added to group_privilege (privilege_id)","logger":"liquibase.changelog","thread":"main","level":"INFO","level_value":20000}
{"timestamp":"2026-07-01T16:46:58.494+0200","@version":"1","message":"Table group_translation created","logger":"liquibase.changelog","thread":"main","level":"INFO","level_value":20000}
{"timestamp":"2026-07-01T16:46:58.501+0200","@version":"1","message":"Primary key added to group_translation (group_id,translation_id)","logger":"liquibase.changelog","thread":"main","level":"INFO","level_value":20000}
{"timestamp":"2026-07-01T16:46:58.508+0200","@version":"1","message":"Foreign key constraint added to group_translation (group_id)","logger":"liquibase.changelog","thread":"main","level":"INFO","level_value":20000}
{"timestamp":"2026-07-01T16:46:58.511+0200","@version":"1","message":"Foreign key constraint added to group_translation (translation_id)","logger":"liquibase.changelog","thread":"main","level":"INFO","level_value":20000}
{"timestamp":"2026-07-01T16:46:58.520+0200","@version":"1","message":"Table allergen created","logger":"liquibase.changelog","thread":"main","level":"INFO","level_value":20000}
{"timestamp":"2026-07-01T16:46:58.523+0200","@version":"1","message":"Table allergen_translation created","logger":"liquibase.changelog","thread":"main","level":"INFO","level_value":20000}
{"timestamp":"2026-07-01T16:46:58.541+0200","@version":"1","message":"Primary key added to allergen_translation (allergen_id,translation_id)","logger":"liquibase.changelog","thread":"main","level":"INFO","level_value":20000}
{"timestamp":"2026-07-01T16:46:58.544+0200","@version":"1","message":"Foreign key constraint added to allergen_translation (allergen_id)","logger":"liquibase.changelog","thread":"main","level":"INFO","level_value":20000}
{"timestamp":"2026-07-01T16:46:58.546+0200","@version":"1","message":"Foreign key constraint added to allergen_translation (translation_id)","logger":"liquibase.changelog","thread":"main","level":"INFO","level_value":20000}
{"timestamp":"2026-07-01T16:46:58.558+0200","@version":"1","message":"Table category created","logger":"liquibase.changelog","thread":"main","level":"INFO","level_value":20000}
{"timestamp":"2026-07-01T16:46:58.561+0200","@version":"1","message":"Foreign key constraint added to category (parent_category_id)","logger":"liquibase.changelog","thread":"main","level":"INFO","level_value":20000}
{"timestamp":"2026-07-01T16:46:58.563+0200","@version":"1","message":"Table category_translation created","logger":"liquibase.changelog","thread":"main","level":"INFO","level_value":20000}
{"timestamp":"2026-07-01T16:46:58.570+0200","@version":"1","message":"Primary key added to category_translation (category_id,translation_id)","logger":"liquibase.changelog","thread":"main","level":"INFO","level_value":20000}
{"timestamp":"2026-07-01T16:46:58.573+0200","@version":"1","message":"Foreign key constraint added to category_translation (category_id)","logger":"liquibase.changelog","thread":"main","level":"INFO","level_value":20000}
{"timestamp":"2026-07-01T16:46:58.577+0200","@version":"1","message":"Foreign key constraint added to category_translation (translation_id)","logger":"liquibase.changelog","thread":"main","level":"INFO","level_value":20000}
{"timestamp":"2026-07-01T16:46:58.590+0200","@version":"1","message":"Table menu_item created","logger":"liquibase.changelog","thread":"main","level":"INFO","level_value":20000}
{"timestamp":"2026-07-01T16:46:58.594+0200","@version":"1","message":"Foreign key constraint added to menu_item (category_id)","logger":"liquibase.changelog","thread":"main","level":"INFO","level_value":20000}
{"timestamp":"2026-07-01T16:46:58.598+0200","@version":"1","message":"Table menu_item_translation created","logger":"liquibase.changelog","thread":"main","level":"INFO","level_value":20000}
{"timestamp":"2026-07-01T16:46:58.605+0200","@version":"1","message":"Primary key added to menu_item_translation (menu_item_id,translation_id)","logger":"liquibase.changelog","thread":"main","level":"INFO","level_value":20000}
{"timestamp":"2026-07-01T16:46:58.610+0200","@version":"1","message":"Foreign key constraint added to menu_item_translation (menu_item_id)","logger":"liquibase.changelog","thread":"main","level":"INFO","level_value":20000}
{"timestamp":"2026-07-01T16:46:58.616+0200","@version":"1","message":"Foreign key constraint added to menu_item_translation (translation_id)","logger":"liquibase.changelog","thread":"main","level":"INFO","level_value":20000}
{"timestamp":"2026-07-01T16:46:58.627+0200","@version":"1","message":"Table menu_item_allergen created","logger":"liquibase.changelog","thread":"main","level":"INFO","level_value":20000}
{"timestamp":"2026-07-01T16:46:58.633+0200","@version":"1","message":"Primary key added to menu_item_allergen (menu_item_id,allergen_id)","logger":"liquibase.changelog","thread":"main","level":"INFO","level_value":20000}
{"timestamp":"2026-07-01T16:46:58.638+0200","@version":"1","message":"Foreign key constraint added to menu_item_allergen (menu_item_id)","logger":"liquibase.changelog","thread":"main","level":"INFO","level_value":20000}
{"timestamp":"2026-07-01T16:46:58.640+0200","@version":"1","message":"Foreign key constraint added to menu_item_allergen (allergen_id)","logger":"liquibase.changelog","thread":"main","level":"INFO","level_value":20000}
{"timestamp":"2026-07-01T16:46:58.643+0200","@version":"1","message":"ChangeSet db/changelog/001-initial-schema.xml::001-base-tables::table2taste ran successfully in 301ms","logger":"liquibase.changelog","thread":"main","level":"INFO","level_value":20000}
Running Changeset: db/changelog/001-initial-schema.xml::002-order-and-service-tables::table2taste
{"timestamp":"2026-07-01T16:46:58.704+0200","@version":"1","message":"Table app_table created","logger":"liquibase.changelog","thread":"main","level":"INFO","level_value":20000}
{"timestamp":"2026-07-01T16:46:58.707+0200","@version":"1","message":"Foreign key constraint added to app_table (user_id)","logger":"liquibase.changelog","thread":"main","level":"INFO","level_value":20000}
{"timestamp":"2026-07-01T16:46:58.715+0200","@version":"1","message":"Table service created","logger":"liquibase.changelog","thread":"main","level":"INFO","level_value":20000}
{"timestamp":"2026-07-01T16:46:58.718+0200","@version":"1","message":"Foreign key constraint added to service (table_id)","logger":"liquibase.changelog","thread":"main","level":"INFO","level_value":20000}
{"timestamp":"2026-07-01T16:46:58.721+0200","@version":"1","message":"Foreign key constraint added to app_table (last_service)","logger":"liquibase.changelog","thread":"main","level":"INFO","level_value":20000}
{"timestamp":"2026-07-01T16:46:58.732+0200","@version":"1","message":"Table app_order created","logger":"liquibase.changelog","thread":"main","level":"INFO","level_value":20000}
{"timestamp":"2026-07-01T16:46:58.737+0200","@version":"1","message":"Foreign key constraint added to app_order (user_id)","logger":"liquibase.changelog","thread":"main","level":"INFO","level_value":20000}
{"timestamp":"2026-07-01T16:46:58.740+0200","@version":"1","message":"Foreign key constraint added to app_order (service_id)","logger":"liquibase.changelog","thread":"main","level":"INFO","level_value":20000}
{"timestamp":"2026-07-01T16:46:58.752+0200","@version":"1","message":"Table order_items created","logger":"liquibase.changelog","thread":"main","level":"INFO","level_value":20000}
{"timestamp":"2026-07-01T16:46:58.755+0200","@version":"1","message":"Foreign key constraint added to order_items (menu_item_id)","logger":"liquibase.changelog","thread":"main","level":"INFO","level_value":20000}
{"timestamp":"2026-07-01T16:46:58.763+0200","@version":"1","message":"Table order_item_quantity created","logger":"liquibase.changelog","thread":"main","level":"INFO","level_value":20000}
{"timestamp":"2026-07-01T16:46:58.766+0200","@version":"1","message":"Foreign key constraint added to order_item_quantity (order_id)","logger":"liquibase.changelog","thread":"main","level":"INFO","level_value":20000}
{"timestamp":"2026-07-01T16:46:58.769+0200","@version":"1","message":"Foreign key constraint added to order_item_quantity (order_item_id)","logger":"liquibase.changelog","thread":"main","level":"INFO","level_value":20000}
{"timestamp":"2026-07-01T16:46:58.773+0200","@version":"1","message":"ChangeSet db/changelog/001-initial-schema.xml::002-order-and-service-tables::table2taste ran successfully in 77ms","logger":"liquibase.changelog","thread":"main","level":"INFO","level_value":20000}
Running Changeset: db/changelog/001-initial-schema.xml::003-service-table-index::table2taste
{"timestamp":"2026-07-01T16:46:58.798+0200","@version":"1","message":"Index idx_service_table_id created","logger":"liquibase.changelog","thread":"main","level":"INFO","level_value":20000}
{"timestamp":"2026-07-01T16:46:58.806+0200","@version":"1","message":"Index idx_app_order_service_id created","logger":"liquibase.changelog","thread":"main","level":"INFO","level_value":20000}
{"timestamp":"2026-07-01T16:46:58.811+0200","@version":"1","message":"Index idx_oiq_order_id created","logger":"liquibase.changelog","thread":"main","level":"INFO","level_value":20000}
{"timestamp":"2026-07-01T16:46:58.815+0200","@version":"1","message":"ChangeSet db/changelog/001-initial-schema.xml::003-service-table-index::table2taste ran successfully in 27ms","logger":"liquibase.changelog","thread":"main","level":"INFO","level_value":20000}
{"timestamp":"2026-07-01T16:46:58.828+0200","@version":"1","message":"UPDATE SUMMARY","logger":"liquibase.util","thread":"main","level":"INFO","level_value":20000}
{"timestamp":"2026-07-01T16:46:58.828+0200","@version":"1","message":"Run:                          3","logger":"liquibase.util","thread":"main","level":"INFO","level_value":20000}
{"timestamp":"2026-07-01T16:46:58.828+0200","@version":"1","message":"Previously run:               0","logger":"liquibase.util","thread":"main","level":"INFO","level_value":20000}
{"timestamp":"2026-07-01T16:46:58.829+0200","@version":"1","message":"Filtered out:                 0","logger":"liquibase.util","thread":"main","level":"INFO","level_value":20000}
{"timestamp":"2026-07-01T16:46:58.829+0200","@version":"1","message":"-------------------------------","logger":"liquibase.util","thread":"main","level":"INFO","level_value":20000}
{"timestamp":"2026-07-01T16:46:58.830+0200","@version":"1","message":"Total change sets:            3","logger":"liquibase.util","thread":"main","level":"INFO","level_value":20000}
{"timestamp":"2026-07-01T16:46:58.831+0200","@version":"1","message":"Update summary generated","logger":"liquibase.util","thread":"main","level":"INFO","level_value":20000}
{"timestamp":"2026-07-01T16:46:58.837+0200","@version":"1","message":"Update command completed successfully.","logger":"liquibase.command","thread":"main","level":"INFO","level_value":20000}
Liquibase: Update has been successful. Rows affected: 3
{"timestamp":"2026-07-01T16:46:58.845+0200","@version":"1","message":"Successfully released change log lock","logger":"liquibase.lockservice","thread":"main","level":"INFO","level_value":20000}
{"timestamp":"2026-07-01T16:46:58.847+0200","@version":"1","message":"Command execution complete","logger":"liquibase.command","thread":"main","level":"INFO","level_value":20000}
{"timestamp":"2026-07-01T16:47:00.242+0200","@version":"1","message":"HHH90000025: PostgreSQLDialect does not need to be specified explicitly using 'hibernate.dialect' (remove the property setting and it will be selected by default)","logger":"org.hibernate.orm.deprecation","thread":"main","level":"WARN","level_value":30000}
{"timestamp":"2026-07-01T16:47:06.843+0200","@version":"1","message":"spring.jpa.open-in-view is enabled by default. Therefore, database queries may be performed during view rendering. Explicitly configure spring.jpa.open-in-view to disable this warning","logger":"org.springframework.boot.autoconfigure.orm.jpa.JpaBaseConfiguration$JpaWebConfiguration","thread":"main","level":"WARN","level_value":30000}
{"timestamp":"2026-07-01T16:47:10.163+0200","@version":"1","message":"Started Table2tasteBackendSpringbootApplicationTests in 22.827 seconds (process running for 25.952)","logger":"net.cabrasky.table2taste.backend.Table2tasteBackendSpringbootApplicationTests","thread":"main","level":"INFO","level_value":20000}
]]></system-out>
    <system-err><![CDATA[WARNING: A Java agent has been loaded dynamically (/var/lib/jenkins/.m2/repository/net/bytebuddy/byte-buddy-agent/1.14.13/byte-buddy-agent-1.14.13.jar)
WARNING: If a serviceability tool is in use, please run with -XX:+EnableDynamicAgentLoading to hide this warning
WARNING: If a serviceability tool is not in use, please run with -Djdk.instrument.traceUsage for more information
WARNING: Dynamic loading of agents will be disallowed by default in a future release
]]></system-err>
  </testcase>
</testsuite>